# JRE version: Java(TM) SE Runtime Environment (8.0_181-b13) (build 1.8.0_181-b13)
# Java VM: Java HotSpot(TM) 64-Bit Server VM (25.181-b13 mixed mode bsd-amd64 compressed oops)
Heap:
 PSYoungGen      total 149504K, used 27074K [0x000000076ab00000, 0x0000000779080000, 0x00000007c0000000)
  eden space 144896K, 15% used [0x000000076ab00000,0x000000076c0f4ab0,0x0000000773880000)
  from space 4608K, 99% used [0x0000000778c00000,0x000000077907c0c0,0x0000000779080000)
  to   space 12288K, 0% used [0x0000000777880000,0x0000000777880000,0x0000000778480000)
 ParOldGen       total 90624K, used 16056K [0x00000006c0000000, 0x00000006c5880000, 0x000000076ab00000)
  object space 90624K, 17% used [0x00000006c0000000,0x00000006c0fae1c0,0x00000006c5880000)
 Metaspace       used 24695K, capacity 25139K, committed 25472K, reserved 1073152K
  class space    used 2475K, capacity 2590K, committed 2688K, reserved 1048576K
GC Heap History (10 events):
Event: 63.070 GC heap before
{Heap before GC invocations=7 (full 1):
 PSYoungGen      total 119808K, used 119626K [0x000000076ab00000, 0x0000000776200000, 0x00000007c0000000)
  eden space 109056K, 100% used [0x000000076ab00000,0x0000000771580000,0x0000000771580000)
  from space 10752K, 98% used [0x0000000771580000,0x0000000771fd28a0,0x0000000772000000)
  to   space 13312K, 0% used [0x0000000775500000,0x0000000775500000,0x0000000776200000)
 ParOldGen       total 90624K, used 10030K [0x00000006c0000000, 0x00000006c5880000, 0x000000076ab00000)
  object space 90624K, 11% used [0x00000006c0000000,0x00000006c09cb9e0,0x00000006c5880000)
 Metaspace       used 24599K, capacity 25007K, committed 25216K, reserved 1071104K
  class space    used 2462K, capacity 2588K, committed 2688K, reserved 1048576K
Event: 63.079 GC heap after
Heap after GC invocations=7 (full 1):
 PSYoungGen      total 171008K, used 10618K [0x000000076ab00000, 0x0000000776080000, 0x00000007c0000000)
  eden space 159232K, 0% used [0x000000076ab00000,0x000000076ab00000,0x0000000774680000)
  from space 11776K, 90% used [0x0000000775500000,0x0000000775f5e890,0x0000000776080000)
  to   space 13312K, 0% used [0x0000000774680000,0x0000000774680000,0x0000000775380000)
 ParOldGen       total 90624K, used 10038K [0x00000006c0000000, 0x00000006c5880000, 0x000000076ab00000)
  object space 90624K, 11% used [0x00000006c0000000,0x00000006c09cd9e0,0x00000006c5880000)
 Metaspace       used 24599K, capacity 25007K, committed 25216K, reserved 1071104K
  class space    used 2462K, capacity 2588K, committed 2688K, reserved 1048576K
}
Event: 94.308 GC heap before
{Heap before GC invocations=8 (full 1):
 PSYoungGen      total 171008K, used 169850K [0x000000076ab00000, 0x0000000776080000, 0x00000007c0000000)
  eden space 159232K, 100% used [0x000000076ab00000,0x0000000774680000,0x0000000774680000)
  from space 11776K, 90% used [0x0000000775500000,0x0000000775f5e890,0x0000000776080000)
  to   space 13312K, 0% used [0x0000000774680000,0x0000000774680000,0x0000000775380000)
 ParOldGen       total 90624K, used 10038K [0x00000006c0000000, 0x00000006c5880000, 0x000000076ab00000)
  object space 90624K, 11% used [0x00000006c0000000,0x00000006c09cd9e0,0x00000006c5880000)
 Metaspace       used 24600K, capacity 25007K, committed 25216K, reserved 1071104K
  class space    used 2462K, capacity 2588K, committed 2688K, reserved 1048576K
Event: 94.316 GC heap after
Heap after GC invocations=8 (full 1):
 PSYoungGen      total 172544K, used 10602K [0x000000076ab00000, 0x0000000779c80000, 0x00000007c0000000)
  eden space 159232K, 0% used [0x000000076ab00000,0x000000076ab00000,0x0000000774680000)
  from space 13312K, 79% used [0x0000000774680000,0x00000007750da8a0,0x0000000775380000)
  to   space 12800K, 0% used [0x0000000779000000,0x0000000779000000,0x0000000779c80000)
 ParOldGen       total 90624K, used 10046K [0x00000006c0000000, 0x00000006c5880000, 0x000000076ab00000)
  object space 90624K, 11% used [0x00000006c0000000,0x00000006c09cf9e0,0x00000006c5880000)
 Metaspace       used 24600K, capacity 25007K, committed 25216K, reserved 1071104K
  class space    used 2462K, capacity 2588K, committed 2688K, reserved 1048576K
}
Event: 125.552 GC heap before
{Heap before GC invocations=9 (full 1):
 PSYoungGen      total 172544K, used 169834K [0x000000076ab00000, 0x0000000779c80000, 0x00000007c0000000)
  eden space 159232K, 100% used [0x000000076ab00000,0x0000000774680000,0x0000000774680000)
  from space 13312K, 79% used [0x0000000774680000,0x00000007750da8a0,0x0000000775380000)
  to   space 12800K, 0% used [0x0000000779000000,0x0000000779000000,0x0000000779c80000)
 ParOldGen       total 90624K, used 10046K [0x00000006c0000000, 0x00000006c5880000, 0x000000076ab00000)
  object space 90624K, 11% used [0x00000006c0000000,0x00000006c09cf9e0,0x00000006c5880000)
 Metaspace       used 24609K, capacity 25007K, committed 25216K, reserved 1071104K
  class space    used 2462K, capacity 2588K, committed 2688K, reserved 1048576K
Event: 125.559 GC heap after
Heap after GC invocations=9 (full 1):
 PSYoungGen      total 164864K, used 10666K [0x000000076ab00000, 0x0000000779a80000, 0x00000007c0000000)
  eden space 154112K, 0% used [0x000000076ab00000,0x000000076ab00000,0x0000000774180000)
  from space 10752K, 99% used [0x0000000779000000,0x0000000779a6a8a0,0x0000000779a80000)
  to   space 12800K, 0% used [0x0000000778180000,0x0000000778180000,0x0000000778e00000)
 ParOldGen       total 90624K, used 10054K [0x00000006c0000000, 0x00000006c5880000, 0x000000076ab00000)
  object space 90624K, 11% used [0x00000006c0000000,0x00000006c09d19e0,0x00000006c5880000)
 Metaspace       used 24609K, capacity 25007K, committed 25216K, reserved 1071104K
  class space    used 2462K, capacity 2588K, committed 2688K, reserved 1048576K
}
Event: 156.402 GC heap before
{Heap before GC invocations=10 (full 1):
 PSYoungGen      total 164864K, used 164778K [0x000000076ab00000, 0x0000000779a80000, 0x00000007c0000000)
  eden space 154112K, 100% used [0x000000076ab00000,0x0000000774180000,0x0000000774180000)
  from space 10752K, 99% used [0x0000000779000000,0x0000000779a6a8a0,0x0000000779a80000)
  to   space 12800K, 0% used [0x0000000778180000,0x0000000778180000,0x0000000778e00000)
 ParOldGen       total 90624K, used 10054K [0x00000006c0000000, 0x00000006c5880000, 0x000000076ab00000)
  object space 90624K, 11% used [0x00000006c0000000,0x00000006c09d19e0,0x00000006c5880000)
 Metaspace       used 24609K, capacity 25007K, committed 25216K, reserved 1071104K
  class space    used 2462K, capacity 2588K, committed 2688K, reserved 1048576K
Event: 156.408 GC heap after
Heap after GC invocations=10 (full 1):
 PSYoungGen      total 160256K, used 10634K [0x000000076ab00000, 0x0000000779080000, 0x00000007c0000000)
  eden space 149504K, 0% used [0x000000076ab00000,0x000000076ab00000,0x0000000773d00000)
  from space 10752K, 98% used [0x0000000778180000,0x0000000778be28a0,0x0000000778c00000)
  to   space 4608K, 0% used [0x0000000778c00000,0x0000000778c00000,0x0000000779080000)
 ParOldGen       total 90624K, used 10062K [0x00000006c0000000, 0x00000006c5880000, 0x000000076ab00000)
  object space 90624K, 11% used [0x00000006c0000000,0x00000006c09d39e0,0x00000006c5880000)
 Metaspace       used 24609K, capacity 25007K, committed 25216K, reserved 1071104K
  class space    used 2462K, capacity 2588K, committed 2688K, reserved 1048576K
}
Event: 186.417 GC heap before
{Heap before GC invocations=11 (full 1):
 PSYoungGen      total 160256K, used 160138K [0x000000076ab00000, 0x0000000779080000, 0x00000007c0000000)
  eden space 149504K, 100% used [0x000000076ab00000,0x0000000773d00000,0x0000000773d00000)
  from space 10752K, 98% used [0x0000000778180000,0x0000000778be28a0,0x0000000778c00000)
  to   space 4608K, 0% used [0x0000000778c00000,0x0000000778c00000,0x0000000779080000)
 ParOldGen       total 90624K, used 10062K [0x00000006c0000000, 0x00000006c5880000, 0x000000076ab00000)
  object space 90624K, 11% used [0x00000006c0000000,0x00000006c09d39e0,0x00000006c5880000)
 Metaspace       used 24632K, capacity 25007K, committed 25216K, reserved 1071104K
  class space    used 2462K, capacity 2588K, committed 2688K, reserved 1048576K
Event: 186.423 GC heap after
Heap after GC invocations=11 (full 1):
 PSYoungGen      total 149504K, used 4592K [0x000000076ab00000, 0x0000000779080000, 0x00000007c0000000)
  eden space 144896K, 0% used [0x000000076ab00000,0x000000076ab00000,0x0000000773880000)
  from space 4608K, 99% used [0x0000000778c00000,0x000000077907c0c0,0x0000000779080000)
  to   space 12288K, 0% used [0x0000000777880000,0x0000000777880000,0x0000000778480000)
 ParOldGen       total 90624K, used 16056K [0x00000006c0000000, 0x00000006c5880000, 0x000000076ab00000)
  object space 90624K, 17% used [0x00000006c0000000,0x00000006c0fae1c0,0x00000006c5880000)
 Metaspace       used 24632K, capacity 25007K, committed 25216K, reserved 1071104K
  class space    used 2462K, capacity 2588K, committed 2688K, reserved 1048576K
}

