# JRE version: Java(TM) SE Runtime Environment (8.0_181-b13) (build 1.8.0_181-b13)
# Java VM: Java HotSpot(TM) 64-Bit Server VM (25.181-b13 mixed mode bsd-amd64 compressed oops)
Heap:
 PSYoungGen      total 40960K, used 9051K [0x000000076ab00000, 0x000000076dd80000, 0x00000007c0000000)
  eden space 40448K, 21% used [0x000000076ab00000,0x000000076b3a6d08,0x000000076d280000)
  from space 512K, 37% used [0x000000076d300000,0x000000076d330000,0x000000076d380000)
  to   space 5632K, 0% used [0x000000076d800000,0x000000076d800000,0x000000076dd80000)
 ParOldGen       total 175104K, used 19563K [0x00000006c0000000, 0x00000006cab00000, 0x000000076ab00000)
  object space 175104K, 11% used [0x00000006c0000000,0x00000006c131af60,0x00000006cab00000)
 Metaspace       used 19714K, capacity 20125K, committed 20352K, reserved 1067008K
  class space    used 1953K, capacity 2061K, committed 2176K, reserved 1048576K
GC Heap History (10 events):
Event: 525.914 GC heap before
{Heap before GC invocations=31 (full 0):
 PSYoungGen      total 50176K, used 43104K [0x000000076ab00000, 0x000000076e500000, 0x00000007c0000000)
  eden space 43008K, 100% used [0x000000076ab00000,0x000000076d500000,0x000000076d500000)
  from space 7168K, 1% used [0x000000076de00000,0x000000076de18000,0x000000076e500000)
  to   space 8192K, 0% used [0x000000076d500000,0x000000076d500000,0x000000076dd00000)
 ParOldGen       total 175104K, used 19531K [0x00000006c0000000, 0x00000006cab00000, 0x000000076ab00000)
  object space 175104K, 11% used [0x00000006c0000000,0x00000006c1312f60,0x00000006cab00000)
 Metaspace       used 19491K, capacity 19833K, committed 19968K, reserved 1067008K
  class space    used 1940K, capacity 2027K, committed 2048K, reserved 1048576K
Event: 525.916 GC heap after
Heap after GC invocations=31 (full 0):
 PSYoungGen      total 43008K, used 160K [0x000000076ab00000, 0x000000076e380000, 0x00000007c0000000)
  eden space 42496K, 0% used [0x000000076ab00000,0x000000076ab00000,0x000000076d480000)
  from space 512K, 31% used [0x000000076d500000,0x000000076d528000,0x000000076d580000)
  to   space 7680K, 0% used [0x000000076dc00000,0x000000076dc00000,0x000000076e380000)
 ParOldGen       total 175104K, used 19531K [0x00000006c0000000, 0x00000006cab00000, 0x000000076ab00000)
  object space 175104K, 11% used [0x00000006c0000000,0x00000006c1312f60,0x00000006cab00000)
 Metaspace       used 19491K, capacity 19833K, committed 19968K, reserved 1067008K
  class space    used 1940K, capacity 2027K, committed 2048K, reserved 1048576K
}
Event: 540.346 GC heap before
{Heap before GC invocations=32 (full 0):
 PSYoungGen      total 43008K, used 42656K [0x000000076ab00000, 0x000000076e380000, 0x00000007c0000000)
  eden space 42496K, 100% used [0x000000076ab00000,0x000000076d480000,0x000000076d480000)
  from space 512K, 31% used [0x000000076d500000,0x000000076d528000,0x000000076d580000)
  to   space 7680K, 0% used [0x000000076dc00000,0x000000076dc00000,0x000000076e380000)
 ParOldGen       total 175104K, used 19531K [0x00000006c0000000, 0x00000006cab00000, 0x000000076ab00000)
  object space 175104K, 11% used [0x00000006c0000000,0x00000006c1312f60,0x00000006cab00000)
 Metaspace       used 19491K, capacity 19833K, committed 19968K, reserved 1067008K
  class space    used 1940K, capacity 2027K, committed 2048K, reserved 1048576K
Event: 540.348 GC heap after
Heap after GC invocations=32 (full 0):
 PSYoungGen      total 48128K, used 224K [0x000000076ab00000, 0x000000076e200000, 0x00000007c0000000)
  eden space 41984K, 0% used [0x000000076ab00000,0x000000076ab00000,0x000000076d400000)
  from space 6144K, 3% used [0x000000076dc00000,0x000000076dc38000,0x000000076e200000)
  to   space 7168K, 0% used [0x000000076d400000,0x000000076d400000,0x000000076db00000)
 ParOldGen       total 175104K, used 19531K [0x00000006c0000000, 0x00000006cab00000, 0x000000076ab00000)
  object space 175104K, 11% used [0x00000006c0000000,0x00000006c1312f60,0x00000006cab00000)
 Metaspace       used 19491K, capacity 19833K, committed 19968K, reserved 1067008K
  class space    used 1940K, capacity 2027K, committed 2048K, reserved 1048576K
}
Event: 554.563 GC heap before
{Heap before GC invocations=33 (full 0):
 PSYoungGen      total 48128K, used 42208K [0x000000076ab00000, 0x000000076e200000, 0x00000007c0000000)
  eden space 41984K, 100% used [0x000000076ab00000,0x000000076d400000,0x000000076d400000)
  from space 6144K, 3% used [0x000000076dc00000,0x000000076dc38000,0x000000076e200000)
  to   space 7168K, 0% used [0x000000076d400000,0x000000076d400000,0x000000076db00000)
 ParOldGen       total 175104K, used 19531K [0x00000006c0000000, 0x00000006cab00000, 0x000000076ab00000)
  object space 175104K, 11% used [0x00000006c0000000,0x00000006c1312f60,0x00000006cab00000)
 Metaspace       used 19491K, capacity 19833K, committed 19968K, reserved 1067008K
  class space    used 1940K, capacity 2027K, committed 2048K, reserved 1048576K
Event: 554.565 GC heap after
Heap after GC invocations=33 (full 0):
 PSYoungGen      total 41984K, used 224K [0x000000076ab00000, 0x000000076e080000, 0x00000007c0000000)
  eden space 41472K, 0% used [0x000000076ab00000,0x000000076ab00000,0x000000076d380000)
  from space 512K, 43% used [0x000000076d400000,0x000000076d438000,0x000000076d480000)
  to   space 6656K, 0% used [0x000000076da00000,0x000000076da00000,0x000000076e080000)
 ParOldGen       total 175104K, used 19531K [0x00000006c0000000, 0x00000006cab00000, 0x000000076ab00000)
  object space 175104K, 11% used [0x00000006c0000000,0x00000006c1312f60,0x00000006cab00000)
 Metaspace       used 19491K, capacity 19833K, committed 19968K, reserved 1067008K
  class space    used 1940K, capacity 2027K, committed 2048K, reserved 1048576K
}
Event: 568.613 GC heap before
{Heap before GC invocations=34 (full 0):
 PSYoungGen      total 41984K, used 41696K [0x000000076ab00000, 0x000000076e080000, 0x00000007c0000000)
  eden space 41472K, 100% used [0x000000076ab00000,0x000000076d380000,0x000000076d380000)
  from space 512K, 43% used [0x000000076d400000,0x000000076d438000,0x000000076d480000)
  to   space 6656K, 0% used [0x000000076da00000,0x000000076da00000,0x000000076e080000)
 ParOldGen       total 175104K, used 19531K [0x00000006c0000000, 0x00000006cab00000, 0x000000076ab00000)
  object space 175104K, 11% used [0x00000006c0000000,0x00000006c1312f60,0x00000006cab00000)
 Metaspace       used 19510K, capacity 19833K, committed 19968K, reserved 1067008K
  class space    used 1940K, capacity 2027K, committed 2048K, reserved 1048576K
Event: 568.615 GC heap after
Heap after GC invocations=34 (full 0):
 PSYoungGen      total 46080K, used 192K [0x000000076ab00000, 0x000000076df00000, 0x00000007c0000000)
  eden space 40960K, 0% used [0x000000076ab00000,0x000000076ab00000,0x000000076d300000)
  from space 5120K, 3% used [0x000000076da00000,0x000000076da30000,0x000000076df00000)
  to   space 6144K, 0% used [0x000000076d300000,0x000000076d300000,0x000000076d900000)
 ParOldGen       total 175104K, used 19531K [0x00000006c0000000, 0x00000006cab00000, 0x000000076ab00000)
  object space 175104K, 11% used [0x00000006c0000000,0x00000006c1312f60,0x00000006cab00000)
 Metaspace       used 19510K, capacity 19833K, committed 19968K, reserved 1067008K
  class space    used 1940K, capacity 2027K, committed 2048K, reserved 1048576K
}
Event: 582.179 GC heap before
{Heap before GC invocations=35 (full 0):
 PSYoungGen      total 46080K, used 41152K [0x000000076ab00000, 0x000000076df00000, 0x00000007c0000000)
  eden space 40960K, 100% used [0x000000076ab00000,0x000000076d300000,0x000000076d300000)
  from space 5120K, 3% used [0x000000076da00000,0x000000076da30000,0x000000076df00000)
  to   space 6144K, 0% used [0x000000076d300000,0x000000076d300000,0x000000076d900000)
 ParOldGen       total 175104K, used 19531K [0x00000006c0000000, 0x00000006cab00000, 0x000000076ab00000)
  object space 175104K, 11% used [0x00000006c0000000,0x00000006c1312f60,0x00000006cab00000)
 Metaspace       used 19641K, capacity 19961K, committed 20224K, reserved 1067008K
  class space    used 1940K, capacity 2027K, committed 2048K, reserved 1048576K
Event: 582.182 GC heap after
Heap after GC invocations=35 (full 0):
 PSYoungGen      total 40960K, used 192K [0x000000076ab00000, 0x000000076dd80000, 0x00000007c0000000)
  eden space 40448K, 0% used [0x000000076ab00000,0x000000076ab00000,0x000000076d280000)
  from space 512K, 37% used [0x000000076d300000,0x000000076d330000,0x000000076d380000)
  to   space 5632K, 0% used [0x000000076d800000,0x000000076d800000,0x000000076dd80000)
 ParOldGen       total 175104K, used 19563K [0x00000006c0000000, 0x00000006cab00000, 0x000000076ab00000)
  object space 175104K, 11% used [0x00000006c0000000,0x00000006c131af60,0x00000006cab00000)
 Metaspace       used 19641K, capacity 19961K, committed 20224K, reserved 1067008K
  class space    used 1940K, capacity 2027K, committed 2048K, reserved 1048576K
}

